<?xml version="1.0" encoding="UTF-8"?>
<testng-results skipped="0" failed="4" ignored="5" total="9" passed="0">
  <reporter-output>
    <line>
      <![CDATA[<div style="display:block;margin-left:10px;"><div  class="teststepfail"><span class="teststepfail-label">T </span>Given user launches flipkart</div><div style="display:block;margin-left:10px;"><div  class="fail"><span class="fail-label">F </span>unknown error: cannot get automation extension
from chrome not reachable
  (Session info: chrome=59.0.3071.115)
  (Driver info: chromedriver=2.28.455520 (cc17746adff54984afff480136733114c6b3704b),platform=Windows NT 6.2.9200 x86_64) (WARNING: The server did not provide any stacktrace information)
Command duration or timeout: 2.03 seconds
Build info: version: '2.53.0', revision: '35ae25b1534ae328c771e0856c93e187490ca824', time: '2016-03-15 10:43:46'
System info: host: 'ICPL11465', ip: '10.11.31.46', os.name: 'Windows 8', os.arch: 'amd64', os.version: '6.2', java.version: '1.8.0_121'
Driver info: com.qmetry.qaf.automation.ui.webdriver.QAFExtendedWebDriver
Capabilities [{applicationCacheEnabled=false, rotatable=false, mobileEmulationEnabled=false, networkConnectionEnabled=false, chrome={chromedriverVersion=2.28.455520 (cc17746adff54984afff480136733114c6b3704b), userDataDir=C:\Users\SATISH~1.GAR\AppData\Local\Temp\scoped_dir6680_11884}, takesHeapSnapshot=true, pageLoadStrategy=normal, databaseEnabled=false, handlesAlerts=true, hasTouchScreen=false, version=59.0.3071.115, platform=WIN8, browserConnectionEnabled=false, nativeEvents=true, acceptSslCerts=true, locationContextEnabled=true, webStorageEnabled=true, browserName=chrome, takesScreenshot=true, javascriptEnabled=true, cssSelectorsEnabled=true, unexpectedAlertBehaviour=}]
Session ID: a1909228466932f5594101aaa786ef8b</div></div><div  class="teststep"><span class="teststep-label">T </span>When user select 'Apple' from 'Electronics' section</div><div  class="teststep"><span class="teststep-label">T </span>Then user verifies searchresult page</div><div  class="teststep"><span class="teststep-label">T </span>When user select 'iPad' in searchresult page</div><div  class="teststep"><span class="teststep-label">T </span>Then user able to see list of product name and price in console</div><div  class="teststep"><span class="teststep-label">T </span>And user select the product with lowest price</div><div  class="teststep"><span class="teststep-label">T </span>Then verify user is on product detail page</div><div  class="teststep"><span class="teststep-label">T </span>And user taps on addtocart</div><div  class="teststep"><span class="teststep-label">T </span>Then user verifies the product added to cart</div></div>]]>
    </line>
    <line>
      <![CDATA[<div style="display:block;margin-left:10px;"><div  class="teststepfail"><span class="teststepfail-label">T </span>Given user launches flipkart</div><div style="display:block;margin-left:10px;"><div  class="fail"><span class="fail-label">F </span>no such window: target window already closed
from unknown error: web view not found
  (Session info: chrome=59.0.3071.115)
  (Driver info: chromedriver=2.28.455520 (cc17746adff54984afff480136733114c6b3704b),platform=Windows NT 6.2.9200 x86_64) (WARNING: The server did not provide any stacktrace information)
Command duration or timeout: 5 milliseconds
Build info: version: '2.53.0', revision: '35ae25b1534ae328c771e0856c93e187490ca824', time: '2016-03-15 10:43:46'
System info: host: 'ICPL11465', ip: '10.11.31.46', os.name: 'Windows 8', os.arch: 'amd64', os.version: '6.2', java.version: '1.8.0_121'
Driver info: com.qmetry.qaf.automation.ui.webdriver.QAFExtendedWebDriver
Capabilities [{applicationCacheEnabled=false, rotatable=false, mobileEmulationEnabled=false, networkConnectionEnabled=false, chrome={chromedriverVersion=2.28.455520 (cc17746adff54984afff480136733114c6b3704b), userDataDir=C:\Users\SATISH~1.GAR\AppData\Local\Temp\scoped_dir6680_11884}, takesHeapSnapshot=true, pageLoadStrategy=normal, databaseEnabled=false, handlesAlerts=true, hasTouchScreen=false, version=59.0.3071.115, platform=WIN8, browserConnectionEnabled=false, nativeEvents=true, acceptSslCerts=true, locationContextEnabled=true, webStorageEnabled=true, browserName=chrome, takesScreenshot=true, javascriptEnabled=true, cssSelectorsEnabled=true, unexpectedAlertBehaviour=}]
Session ID: a1909228466932f5594101aaa786ef8b</div></div><div  class="teststep"><span class="teststep-label">T </span>When user select '${subcategory}' from '${categoryname}' section</div><div  class="teststep"><span class="teststep-label">T </span>When user select the product with highest price</div><div  class="teststep"><span class="teststep-label">T </span>And user taps on addtocart</div><div  class="teststep"><span class="teststep-label">T </span>Then user verifies the product added to cart</div></div>]]>
    </line>
    <line>
      <![CDATA[<div style="display:block;margin-left:10px;"><div  class="teststepfail"><span class="teststepfail-label">T </span>Given user launches flipkart</div><div style="display:block;margin-left:10px;"><div  class="fail"><span class="fail-label">F </span>no such window: target window already closed
from unknown error: web view not found
  (Session info: chrome=59.0.3071.115)
  (Driver info: chromedriver=2.28.455520 (cc17746adff54984afff480136733114c6b3704b),platform=Windows NT 6.2.9200 x86_64) (WARNING: The server did not provide any stacktrace information)
Command duration or timeout: 30 milliseconds
Build info: version: '2.53.0', revision: '35ae25b1534ae328c771e0856c93e187490ca824', time: '2016-03-15 10:43:46'
System info: host: 'ICPL11465', ip: '10.11.31.46', os.name: 'Windows 8', os.arch: 'amd64', os.version: '6.2', java.version: '1.8.0_121'
Driver info: com.qmetry.qaf.automation.ui.webdriver.QAFExtendedWebDriver
Capabilities [{applicationCacheEnabled=false, rotatable=false, mobileEmulationEnabled=false, networkConnectionEnabled=false, chrome={chromedriverVersion=2.28.455520 (cc17746adff54984afff480136733114c6b3704b), userDataDir=C:\Users\SATISH~1.GAR\AppData\Local\Temp\scoped_dir6680_11884}, takesHeapSnapshot=true, pageLoadStrategy=normal, databaseEnabled=false, handlesAlerts=true, hasTouchScreen=false, version=59.0.3071.115, platform=WIN8, browserConnectionEnabled=false, nativeEvents=true, acceptSslCerts=true, locationContextEnabled=true, webStorageEnabled=true, browserName=chrome, takesScreenshot=true, javascriptEnabled=true, cssSelectorsEnabled=true, unexpectedAlertBehaviour=}]
Session ID: a1909228466932f5594101aaa786ef8b</div></div><div  class="teststep"><span class="teststep-label">T </span>When user select '${subcategory}' from '${categoryname}' section</div><div  class="teststep"><span class="teststep-label">T </span>When user select the product with highest price</div><div  class="teststep"><span class="teststep-label">T </span>And user taps on addtocart</div><div  class="teststep"><span class="teststep-label">T </span>Then user verifies the product added to cart</div></div>]]>
    </line>
    <line>
      <![CDATA[<div style="display:block;margin-left:10px;"><div  class="teststepfail"><span class="teststepfail-label">T </span>Given user launches flipkart</div><div style="display:block;margin-left:10px;"><div  class="fail"><span class="fail-label">F </span>no such window: target window already closed
from unknown error: web view not found
  (Session info: chrome=59.0.3071.115)
  (Driver info: chromedriver=2.28.455520 (cc17746adff54984afff480136733114c6b3704b),platform=Windows NT 6.2.9200 x86_64) (WARNING: The server did not provide any stacktrace information)
Command duration or timeout: 8 milliseconds
Build info: version: '2.53.0', revision: '35ae25b1534ae328c771e0856c93e187490ca824', time: '2016-03-15 10:43:46'
System info: host: 'ICPL11465', ip: '10.11.31.46', os.name: 'Windows 8', os.arch: 'amd64', os.version: '6.2', java.version: '1.8.0_121'
Driver info: com.qmetry.qaf.automation.ui.webdriver.QAFExtendedWebDriver
Capabilities [{applicationCacheEnabled=false, rotatable=false, mobileEmulationEnabled=false, networkConnectionEnabled=false, chrome={chromedriverVersion=2.28.455520 (cc17746adff54984afff480136733114c6b3704b), userDataDir=C:\Users\SATISH~1.GAR\AppData\Local\Temp\scoped_dir6680_11884}, takesHeapSnapshot=true, pageLoadStrategy=normal, databaseEnabled=false, handlesAlerts=true, hasTouchScreen=false, version=59.0.3071.115, platform=WIN8, browserConnectionEnabled=false, nativeEvents=true, acceptSslCerts=true, locationContextEnabled=true, webStorageEnabled=true, browserName=chrome, takesScreenshot=true, javascriptEnabled=true, cssSelectorsEnabled=true, unexpectedAlertBehaviour=}]
Session ID: a1909228466932f5594101aaa786ef8b</div></div><div  class="teststep"><span class="teststep-label">T </span>When user select '${subcategory}' from '${categoryname}' section</div><div  class="teststep"><span class="teststep-label">T </span>When user select the product with highest price</div><div  class="teststep"><span class="teststep-label">T </span>And user taps on addtocart</div><div  class="teststep"><span class="teststep-label">T </span>Then user verifies the product added to cart</div></div>]]>
    </line>
  </reporter-output>
  <suite name="QAS Demo" duration-ms="6358" started-at="2017-08-02T10:30:28Z" finished-at="2017-08-02T10:30:35Z">
    <groups>
      <group name="SMOKE">
        <method signature="scenarios.flipkart.bdd.Add Apple product to cart from flipkart()[pri:1000, instance:com.qmetry.qaf.automation.step.client.Scenario@3e8]" name="Add Apple product to cart from flipkart" class="com.qmetry.qaf.automation.step.client.Scenario"/>
        <method signature="scenarios.flipkart.bdd.Add product to cart from flipkart using datadriven( java.util.Map)[pri:1001, instance:com.qmetry.qaf.automation.step.client.DataDrivenScenario@3e9]" name="Add product to cart from flipkart using datadriven" class="com.qmetry.qaf.automation.step.client.DataDrivenScenario"/>
      </group> <!-- SMOKE -->
    </groups>
    <test name="BDD Test" duration-ms="6358" started-at="2017-08-02T10:30:28Z" finished-at="2017-08-02T10:30:35Z">
      <class name="com.qmetry.qaf.automation.step.client.Scenario">
        <test-method status="PASS" signature="setupSuit(org.testng.ITestContext)[pri:0, instance:com.qmetry.qaf.automation.step.client.Scenario@3e8]" test-instance-name="Add Apple product to cart from flipkart" name="setupSuit" is-config="true" duration-ms="14" started-at="2017-08-02T16:00:28Z" finished-at="2017-08-02T16:00:28Z">
          <params>
            <param index="0">
              <value>
                <![CDATA[org.testng.TestRunner@4f83df68]]>
              </value>
            </param>
          </params>
          <reporter-output>
          </reporter-output>
        </test-method> <!-- setupSuit -->
        <test-method status="PASS" signature="setupTest(org.testng.ITestContext)[pri:0, instance:com.qmetry.qaf.automation.step.client.Scenario@3e8]" test-instance-name="Add Apple product to cart from flipkart" name="setupTest" is-config="true" duration-ms="3" started-at="2017-08-02T16:00:28Z" finished-at="2017-08-02T16:00:28Z">
          <params>
            <param index="0">
              <value>
                <![CDATA[org.testng.TestRunner@4f83df68]]>
              </value>
            </param>
          </params>
          <reporter-output>
          </reporter-output>
        </test-method> <!-- setupTest -->
        <test-method status="PASS" signature="setup(org.testng.ITestContext)[pri:0, instance:com.qmetry.qaf.automation.step.client.Scenario@3e8]" test-instance-name="Add Apple product to cart from flipkart" name="setup" is-config="true" duration-ms="1" started-at="2017-08-02T16:00:28Z" finished-at="2017-08-02T16:00:28Z">
          <params>
            <param index="0">
              <value>
                <![CDATA[org.testng.TestRunner@4f83df68]]>
              </value>
            </param>
          </params>
          <reporter-output>
          </reporter-output>
        </test-method> <!-- setup -->
        <test-method status="PASS" signature="setupMethod(java.lang.reflect.Method, org.testng.ITestContext)[pri:0, instance:com.qmetry.qaf.automation.step.client.Scenario@3e8]" test-instance-name="Add Apple product to cart from flipkart" name="setupMethod" is-config="true" duration-ms="0" started-at="2017-08-02T16:00:28Z" finished-at="2017-08-02T16:00:28Z">
          <params>
            <param index="0">
              <value>
                <![CDATA[public void com.qmetry.qaf.automation.step.client.Scenario.scenario()]]>
              </value>
            </param>
            <param index="1">
              <value>
                <![CDATA[org.testng.TestRunner@4f83df68]]>
              </value>
            </param>
          </params>
          <reporter-output>
          </reporter-output>
        </test-method> <!-- setupMethod -->
        <test-method status="FAIL" signature="Add Apple product to cart from flipkart()[pri:1000, instance:com.qmetry.qaf.automation.step.client.Scenario@3e8]" test-instance-name="Add Apple product to cart from flipkart" name="Add Apple product to cart from flipkart" duration-ms="5748" started-at="2017-08-02T16:00:28Z" description="Add to cart apple product" finished-at="2017-08-02T16:00:34Z">
          <exception class="org.openqa.selenium.WebDriverException">
            <message>
              <![CDATA[unknown error: cannot get automation extension
from chrome not reachable
  (Session info: chrome=59.0.3071.115)
  (Driver info: chromedriver=2.28.455520 (cc17746adff54984afff480136733114c6b3704b),platform=Windows NT 6.2.9200 x86_64) (WARNING: The server did not provide any stacktrace information)
Command duration or timeout: 2.03 seconds
Build info: version: '2.53.0', revision: '35ae25b1534ae328c771e0856c93e187490ca824', time: '2016-03-15 10:43:46'
System info: host: 'ICPL11465', ip: '10.11.31.46', os.name: 'Windows 8', os.arch: 'amd64', os.version: '6.2', java.version: '1.8.0_121'
Driver info: com.qmetry.qaf.automation.ui.webdriver.QAFExtendedWebDriver
Capabilities [{applicationCacheEnabled=false, rotatable=false, mobileEmulationEnabled=false, networkConnectionEnabled=false, chrome={chromedriverVersion=2.28.455520 (cc17746adff54984afff480136733114c6b3704b), userDataDir=C:\Users\SATISH~1.GAR\AppData\Local\Temp\scoped_dir6680_11884}, takesHeapSnapshot=true, pageLoadStrategy=normal, databaseEnabled=false, handlesAlerts=true, hasTouchScreen=false, version=59.0.3071.115, platform=WIN8, browserConnectionEnabled=false, nativeEvents=true, acceptSslCerts=true, locationContextEnabled=true, webStorageEnabled=true, browserName=chrome, takesScreenshot=true, javascriptEnabled=true, cssSelectorsEnabled=true, unexpectedAlertBehaviour=}]
Session ID: a1909228466932f5594101aaa786ef8b]]>
            </message>
            <full-stacktrace>
              <![CDATA[org.openqa.selenium.WebDriverException: unknown error: cannot get automation extension
from chrome not reachable
  (Session info: chrome=59.0.3071.115)
  (Driver info: chromedriver=2.28.455520 (cc17746adff54984afff480136733114c6b3704b),platform=Windows NT 6.2.9200 x86_64) (WARNING: The server did not provide any stacktrace information)
Command duration or timeout: 2.03 seconds
Build info: version: '2.53.0', revision: '35ae25b1534ae328c771e0856c93e187490ca824', time: '2016-03-15 10:43:46'
System info: host: 'ICPL11465', ip: '10.11.31.46', os.name: 'Windows 8', os.arch: 'amd64', os.version: '6.2', java.version: '1.8.0_121'
Driver info: com.qmetry.qaf.automation.ui.webdriver.QAFExtendedWebDriver
Capabilities [{applicationCacheEnabled=false, rotatable=false, mobileEmulationEnabled=false, networkConnectionEnabled=false, chrome={chromedriverVersion=2.28.455520 (cc17746adff54984afff480136733114c6b3704b), userDataDir=C:\Users\SATISH~1.GAR\AppData\Local\Temp\scoped_dir6680_11884}, takesHeapSnapshot=true, pageLoadStrategy=normal, databaseEnabled=false, handlesAlerts=true, hasTouchScreen=false, version=59.0.3071.115, platform=WIN8, browserConnectionEnabled=false, nativeEvents=true, acceptSslCerts=true, locationContextEnabled=true, webStorageEnabled=true, browserName=chrome, takesScreenshot=true, javascriptEnabled=true, cssSelectorsEnabled=true, unexpectedAlertBehaviour=}]
Session ID: a1909228466932f5594101aaa786ef8b
	at .Given user launches flipkart(scenarios/flipkart.bdd:5)
	at org.openqa.selenium.remote.ErrorHandler.createThrowable(ErrorHandler.java:206)
	at org.openqa.selenium.remote.ErrorHandler.throwIfResponseFailed(ErrorHandler.java:158)
	at org.openqa.selenium.remote.RemoteWebDriver.execute(RemoteWebDriver.java:678)
	at com.qmetry.qaf.automation.ui.webdriver.QAFExtendedWebDriver.execute(QAFExtendedWebDriver.java:234)
	at org.openqa.selenium.remote.RemoteWebDriver$RemoteWebDriverOptions$RemoteWindow.maximize(RemoteWebDriver.java:945)
	at com.flipkart.pages.HomeTestPage.launchflipkart(HomeTestPage.java:36)
	at com.flipkart.steps.Steps.UserLaunchFlipkart_aroundBody0(Steps.java:21)
	at com.qmetry.qaf.automation.step.JavaStepReporter.javaTestStep(JavaStepReporter.java:101)
	at com.flipkart.steps.Steps.UserLaunchFlipkart(Steps.java:19)
	at com.qmetry.qaf.automation.step.JavaStep.doExecute(JavaStep.java:160)
	at com.qmetry.qaf.automation.step.BaseTestStep.execute(BaseTestStep.java:149)
	at com.qmetry.qaf.automation.step.StringTestStep.execute(StringTestStep.java:134)
	at com.qmetry.qaf.automation.step.client.Scenario.execute(Scenario.java:167)
	at com.qmetry.qaf.automation.step.client.Scenario.scenario(Scenario.java:219)
]]>
            </full-stacktrace>
          </exception> <!-- org.openqa.selenium.WebDriverException -->
          <reporter-output>
            <line>
              <![CDATA[<div style="display:block;margin-left:10px;"><div  class="teststepfail"><span class="teststepfail-label">T </span>Given user launches flipkart</div><div style="display:block;margin-left:10px;"><div  class="fail"><span class="fail-label">F </span>unknown error: cannot get automation extension
from chrome not reachable
  (Session info: chrome=59.0.3071.115)
  (Driver info: chromedriver=2.28.455520 (cc17746adff54984afff480136733114c6b3704b),platform=Windows NT 6.2.9200 x86_64) (WARNING: The server did not provide any stacktrace information)
Command duration or timeout: 2.03 seconds
Build info: version: '2.53.0', revision: '35ae25b1534ae328c771e0856c93e187490ca824', time: '2016-03-15 10:43:46'
System info: host: 'ICPL11465', ip: '10.11.31.46', os.name: 'Windows 8', os.arch: 'amd64', os.version: '6.2', java.version: '1.8.0_121'
Driver info: com.qmetry.qaf.automation.ui.webdriver.QAFExtendedWebDriver
Capabilities [{applicationCacheEnabled=false, rotatable=false, mobileEmulationEnabled=false, networkConnectionEnabled=false, chrome={chromedriverVersion=2.28.455520 (cc17746adff54984afff480136733114c6b3704b), userDataDir=C:\Users\SATISH~1.GAR\AppData\Local\Temp\scoped_dir6680_11884}, takesHeapSnapshot=true, pageLoadStrategy=normal, databaseEnabled=false, handlesAlerts=true, hasTouchScreen=false, version=59.0.3071.115, platform=WIN8, browserConnectionEnabled=false, nativeEvents=true, acceptSslCerts=true, locationContextEnabled=true, webStorageEnabled=true, browserName=chrome, takesScreenshot=true, javascriptEnabled=true, cssSelectorsEnabled=true, unexpectedAlertBehaviour=}]
Session ID: a1909228466932f5594101aaa786ef8b</div></div><div  class="teststep"><span class="teststep-label">T </span>When user select 'Apple' from 'Electronics' section</div><div  class="teststep"><span class="teststep-label">T </span>Then user verifies searchresult page</div><div  class="teststep"><span class="teststep-label">T </span>When user select 'iPad' in searchresult page</div><div  class="teststep"><span class="teststep-label">T </span>Then user able to see list of product name and price in console</div><div  class="teststep"><span class="teststep-label">T </span>And user select the product with lowest price</div><div  class="teststep"><span class="teststep-label">T </span>Then verify user is on product detail page</div><div  class="teststep"><span class="teststep-label">T </span>And user taps on addtocart</div><div  class="teststep"><span class="teststep-label">T </span>Then user verifies the product added to cart</div></div>]]>
            </line>
          </reporter-output>
        </test-method> <!-- Add Apple product to cart from flipkart -->
        <test-method status="PASS" signature="afterMethod(org.testng.ITestContext, org.testng.ITestResult)[pri:0, instance:com.qmetry.qaf.automation.step.client.Scenario@3e8]" test-instance-name="Add Apple product to cart from flipkart" name="afterMethod" is-config="true" duration-ms="1" started-at="2017-08-02T16:00:34Z" finished-at="2017-08-02T16:00:34Z">
          <params>
            <param index="0">
              <value>
                <![CDATA[org.testng.TestRunner@4f83df68]]>
              </value>
            </param>
            <param index="1">
              <value>
                <![CDATA[[TestResult name=Add Apple product to cart from flipkart status=FAILURE method=scenarios.flipkart.bdd.Add Apple product to cart from flipkart()[pri:1000, instance:com.qmetry.qaf.automation.step.client.Scenario@3e8] output=<div style="display:block;margin-left:10px;"><div  class="teststepfail"><span class="teststepfail-label">T </span>Given user launches flipkart</div><div style="display:block;margin-left:10px;"><div  class="fail"><span class="fail-label">F </span>unknown error: cannot get automation extension
from chrome not reachable
  (Session info: chrome=59.0.3071.115)
  (Driver info: chromedriver=2.28.455520 (cc17746adff54984afff480136733114c6b3704b),platform=Windows NT 6.2.9200 x86_64) (WARNING: The server did not provide any stacktrace information)
Command duration or timeout: 2.03 seconds
Build info: version: '2.53.0', revision: '35ae25b1534ae328c771e0856c93e187490ca824', time: '2016-03-15 10:43:46'
System info: host: 'ICPL11465', ip: '10.11.31.46', os.name: 'Windows 8', os.arch: 'amd64', os.version: '6.2', java.version: '1.8.0_121'
Driver info: com.qmetry.qaf.automation.ui.webdriver.QAFExtendedWebDriver
Capabilities [{applicationCacheEnabled=false, rotatable=false, mobileEmulationEnabled=false, networkConnectionEnabled=false, chrome={chromedriverVersion=2.28.455520 (cc17746adff54984afff480136733114c6b3704b), userDataDir=C:\Users\SATISH~1.GAR\AppData\Local\Temp\scoped_dir6680_11884}, takesHeapSnapshot=true, pageLoadStrategy=normal, databaseEnabled=false, handlesAlerts=true, hasTouchScreen=false, version=59.0.3071.115, platform=WIN8, browserConnectionEnabled=false, nativeEvents=true, acceptSslCerts=true, locationContextEnabled=true, webStorageEnabled=true, browserName=chrome, takesScreenshot=true, javascriptEnabled=true, cssSelectorsEnabled=true, unexpectedAlertBehaviour=}]
Session ID: a1909228466932f5594101aaa786ef8b</div></div><div  class="teststep"><span class="teststep-label">T </span>When user select 'Apple' from 'Electronics' section</div><div  class="teststep"><span class="teststep-label">T </span>Then user verifies searchresult page</div><div  class="teststep"><span class="teststep-label">T </span>When user select 'iPad' in searchresult page</div><div  class="teststep"><span class="teststep-label">T </span>Then user able to see list of product name and price in console</div><div  class="teststep"><span class="teststep-label">T </span>And user select the product with lowest price</div><div  class="teststep"><span class="teststep-label">T </span>Then verify user is on product detail page</div><div  class="teststep"><span class="teststep-label">T </span>And user taps on addtocart</div><div  class="teststep"><span class="teststep-label">T </span>Then user verifies the product added to cart</div></div>]]]>
              </value>
            </param>
          </params>
          <reporter-output>
          </reporter-output>
        </test-method> <!-- afterMethod -->
        <test-method status="PASS" signature="afterClass(org.testng.ITestContext)[pri:0, instance:com.qmetry.qaf.automation.step.client.Scenario@3e8]" test-instance-name="Add Apple product to cart from flipkart" name="afterClass" is-config="true" duration-ms="1" started-at="2017-08-02T16:00:34Z" finished-at="2017-08-02T16:00:34Z">
          <params>
            <param index="0">
              <value>
                <![CDATA[org.testng.TestRunner@4f83df68]]>
              </value>
            </param>
          </params>
          <reporter-output>
          </reporter-output>
        </test-method> <!-- afterClass -->
        <test-method status="PASS" signature="afterTest(org.testng.ITestContext)[pri:0, instance:com.qmetry.qaf.automation.step.client.Scenario@3e8]" test-instance-name="Add Apple product to cart from flipkart" name="afterTest" is-config="true" duration-ms="21" started-at="2017-08-02T16:00:35Z" finished-at="2017-08-02T16:00:35Z">
          <params>
            <param index="0">
              <value>
                <![CDATA[org.testng.TestRunner@4f83df68]]>
              </value>
            </param>
          </params>
          <reporter-output>
          </reporter-output>
        </test-method> <!-- afterTest -->
        <test-method status="PASS" signature="afterSuit(org.testng.ITestContext)[pri:0, instance:com.qmetry.qaf.automation.step.client.Scenario@3e8]" test-instance-name="Add Apple product to cart from flipkart" name="afterSuit" is-config="true" duration-ms="1" started-at="2017-08-02T16:00:35Z" finished-at="2017-08-02T16:00:35Z">
          <params>
            <param index="0">
              <value>
                <![CDATA[org.testng.TestRunner@4f83df68]]>
              </value>
            </param>
          </params>
          <reporter-output>
          </reporter-output>
        </test-method> <!-- afterSuit -->
      </class> <!-- com.qmetry.qaf.automation.step.client.Scenario -->
      <class name="com.qmetry.qaf.automation.step.client.DataDrivenScenario">
        <test-method status="PASS" signature="setup(org.testng.ITestContext)[pri:0, instance:com.qmetry.qaf.automation.step.client.DataDrivenScenario@3e9]" test-instance-name="Add product to cart from flipkart using datadriven" name="setup" is-config="true" duration-ms="1" started-at="2017-08-02T16:00:34Z" finished-at="2017-08-02T16:00:34Z">
          <params>
            <param index="0">
              <value>
                <![CDATA[org.testng.TestRunner@4f83df68]]>
              </value>
            </param>
          </params>
          <reporter-output>
          </reporter-output>
        </test-method> <!-- setup -->
        <test-method status="PASS" signature="setupMethod(java.lang.reflect.Method, org.testng.ITestContext)[pri:0, instance:com.qmetry.qaf.automation.step.client.DataDrivenScenario@3e9]" test-instance-name="Add product to cart from flipkart using datadriven" name="setupMethod" is-config="true" duration-ms="1" started-at="2017-08-02T16:00:34Z" finished-at="2017-08-02T16:00:34Z">
          <params>
            <param index="0">
              <value>
                <![CDATA[public void com.qmetry.qaf.automation.step.client.DataDrivenScenario.scenario(java.util.Map)]]>
              </value>
            </param>
            <param index="1">
              <value>
                <![CDATA[org.testng.TestRunner@4f83df68]]>
              </value>
            </param>
          </params>
          <reporter-output>
          </reporter-output>
        </test-method> <!-- setupMethod -->
        <test-method name="Add product to cart from flipkart using datadriven" test-instance-name="Add product to cart from flipkart using datadriven" signature="Add product to cart from flipkart using datadriven( java.util.Map)[pri:1001, instance:com.qmetry.qaf.automation.step.client.DataDrivenScenario@3e9]" status="FAIL" duration-ms="64" finished-at="2017-08-02T16:00:34Z" started-at="2017-08-02T16:00:34Z" data-provider="scenariodp" description="Add to cart product">
          <params>
            <param index="0">
              <value>
                <![CDATA[{categoryname=Electronics, subcategory=Mi}]]>
              </value>
            </param>
          </params>
          <exception class="org.openqa.selenium.NoSuchWindowException">
            <message>
              <![CDATA[no such window: target window already closed
from unknown error: web view not found
  (Session info: chrome=59.0.3071.115)
  (Driver info: chromedriver=2.28.455520 (cc17746adff54984afff480136733114c6b3704b),platform=Windows NT 6.2.9200 x86_64) (WARNING: The server did not provide any stacktrace information)
Command duration or timeout: 5 milliseconds
Build info: version: '2.53.0', revision: '35ae25b1534ae328c771e0856c93e187490ca824', time: '2016-03-15 10:43:46'
System info: host: 'ICPL11465', ip: '10.11.31.46', os.name: 'Windows 8', os.arch: 'amd64', os.version: '6.2', java.version: '1.8.0_121'
Driver info: com.qmetry.qaf.automation.ui.webdriver.QAFExtendedWebDriver
Capabilities [{applicationCacheEnabled=false, rotatable=false, mobileEmulationEnabled=false, networkConnectionEnabled=false, chrome={chromedriverVersion=2.28.455520 (cc17746adff54984afff480136733114c6b3704b), userDataDir=C:\Users\SATISH~1.GAR\AppData\Local\Temp\scoped_dir6680_11884}, takesHeapSnapshot=true, pageLoadStrategy=normal, databaseEnabled=false, handlesAlerts=true, hasTouchScreen=false, version=59.0.3071.115, platform=WIN8, browserConnectionEnabled=false, nativeEvents=true, acceptSslCerts=true, locationContextEnabled=true, webStorageEnabled=true, browserName=chrome, takesScreenshot=true, javascriptEnabled=true, cssSelectorsEnabled=true, unexpectedAlertBehaviour=}]
Session ID: a1909228466932f5594101aaa786ef8b]]>
            </message>
            <full-stacktrace>
              <![CDATA[org.openqa.selenium.NoSuchWindowException: no such window: target window already closed
from unknown error: web view not found
  (Session info: chrome=59.0.3071.115)
  (Driver info: chromedriver=2.28.455520 (cc17746adff54984afff480136733114c6b3704b),platform=Windows NT 6.2.9200 x86_64) (WARNING: The server did not provide any stacktrace information)
Command duration or timeout: 5 milliseconds
Build info: version: '2.53.0', revision: '35ae25b1534ae328c771e0856c93e187490ca824', time: '2016-03-15 10:43:46'
System info: host: 'ICPL11465', ip: '10.11.31.46', os.name: 'Windows 8', os.arch: 'amd64', os.version: '6.2', java.version: '1.8.0_121'
Driver info: com.qmetry.qaf.automation.ui.webdriver.QAFExtendedWebDriver
Capabilities [{applicationCacheEnabled=false, rotatable=false, mobileEmulationEnabled=false, networkConnectionEnabled=false, chrome={chromedriverVersion=2.28.455520 (cc17746adff54984afff480136733114c6b3704b), userDataDir=C:\Users\SATISH~1.GAR\AppData\Local\Temp\scoped_dir6680_11884}, takesHeapSnapshot=true, pageLoadStrategy=normal, databaseEnabled=false, handlesAlerts=true, hasTouchScreen=false, version=59.0.3071.115, platform=WIN8, browserConnectionEnabled=false, nativeEvents=true, acceptSslCerts=true, locationContextEnabled=true, webStorageEnabled=true, browserName=chrome, takesScreenshot=true, javascriptEnabled=true, cssSelectorsEnabled=true, unexpectedAlertBehaviour=}]
Session ID: a1909228466932f5594101aaa786ef8b
	at .Given user launches flipkart(scenarios/flipkart.bdd:19)
	at org.openqa.selenium.remote.ErrorHandler.createThrowable(ErrorHandler.java:206)
	at org.openqa.selenium.remote.ErrorHandler.throwIfResponseFailed(ErrorHandler.java:158)
	at org.openqa.selenium.remote.RemoteWebDriver.execute(RemoteWebDriver.java:678)
	at com.qmetry.qaf.automation.ui.webdriver.QAFExtendedWebDriver.execute(QAFExtendedWebDriver.java:234)
	at org.openqa.selenium.remote.RemoteWebDriver.get(RemoteWebDriver.java:316)
	at com.flipkart.pages.HomeTestPage.launchflipkart(HomeTestPage.java:35)
	at com.flipkart.steps.Steps.UserLaunchFlipkart_aroundBody0(Steps.java:21)
	at com.qmetry.qaf.automation.step.JavaStepReporter.javaTestStep(JavaStepReporter.java:101)
	at com.flipkart.steps.Steps.UserLaunchFlipkart(Steps.java:19)
	at com.qmetry.qaf.automation.step.JavaStep.doExecute(JavaStep.java:160)
	at com.qmetry.qaf.automation.step.BaseTestStep.execute(BaseTestStep.java:149)
	at com.qmetry.qaf.automation.step.StringTestStep.execute(StringTestStep.java:134)
	at com.qmetry.qaf.automation.step.client.Scenario.execute(Scenario.java:167)
	at com.qmetry.qaf.automation.step.client.DataDrivenScenario.scenario(DataDrivenScenario.java:95)
]]>
            </full-stacktrace>
          </exception> <!-- org.openqa.selenium.NoSuchWindowException -->
          <reporter-output>
            <line>
              <![CDATA[<div style="display:block;margin-left:10px;"><div  class="teststepfail"><span class="teststepfail-label">T </span>Given user launches flipkart</div><div style="display:block;margin-left:10px;"><div  class="fail"><span class="fail-label">F </span>no such window: target window already closed
from unknown error: web view not found
  (Session info: chrome=59.0.3071.115)
  (Driver info: chromedriver=2.28.455520 (cc17746adff54984afff480136733114c6b3704b),platform=Windows NT 6.2.9200 x86_64) (WARNING: The server did not provide any stacktrace information)
Command duration or timeout: 5 milliseconds
Build info: version: '2.53.0', revision: '35ae25b1534ae328c771e0856c93e187490ca824', time: '2016-03-15 10:43:46'
System info: host: 'ICPL11465', ip: '10.11.31.46', os.name: 'Windows 8', os.arch: 'amd64', os.version: '6.2', java.version: '1.8.0_121'
Driver info: com.qmetry.qaf.automation.ui.webdriver.QAFExtendedWebDriver
Capabilities [{applicationCacheEnabled=false, rotatable=false, mobileEmulationEnabled=false, networkConnectionEnabled=false, chrome={chromedriverVersion=2.28.455520 (cc17746adff54984afff480136733114c6b3704b), userDataDir=C:\Users\SATISH~1.GAR\AppData\Local\Temp\scoped_dir6680_11884}, takesHeapSnapshot=true, pageLoadStrategy=normal, databaseEnabled=false, handlesAlerts=true, hasTouchScreen=false, version=59.0.3071.115, platform=WIN8, browserConnectionEnabled=false, nativeEvents=true, acceptSslCerts=true, locationContextEnabled=true, webStorageEnabled=true, browserName=chrome, takesScreenshot=true, javascriptEnabled=true, cssSelectorsEnabled=true, unexpectedAlertBehaviour=}]
Session ID: a1909228466932f5594101aaa786ef8b</div></div><div  class="teststep"><span class="teststep-label">T </span>When user select '${subcategory}' from '${categoryname}' section</div><div  class="teststep"><span class="teststep-label">T </span>When user select the product with highest price</div><div  class="teststep"><span class="teststep-label">T </span>And user taps on addtocart</div><div  class="teststep"><span class="teststep-label">T </span>Then user verifies the product added to cart</div></div>]]>
            </line>
          </reporter-output>
        </test-method> <!-- Add product to cart from flipkart using datadriven -->
        <test-method status="PASS" signature="afterMethod(org.testng.ITestContext, org.testng.ITestResult)[pri:0, instance:com.qmetry.qaf.automation.step.client.DataDrivenScenario@3e9]" test-instance-name="Add product to cart from flipkart using datadriven" name="afterMethod" is-config="true" duration-ms="1" started-at="2017-08-02T16:00:34Z" finished-at="2017-08-02T16:00:34Z">
          <params>
            <param index="0">
              <value>
                <![CDATA[org.testng.TestRunner@4f83df68]]>
              </value>
            </param>
            <param index="1">
              <value>
                <![CDATA[[TestResult name=Add product to cart from flipkart using datadriven status=FAILURE method=scenarios.flipkart.bdd.Add product to cart from flipkart using datadriven( java.util.Map)[pri:1001, instance:com.qmetry.qaf.automation.step.client.DataDrivenScenario@3e9] output=<div style="display:block;margin-left:10px;"><div  class="teststepfail"><span class="teststepfail-label">T </span>Given user launches flipkart</div><div style="display:block;margin-left:10px;"><div  class="fail"><span class="fail-label">F </span>no such window: target window already closed
from unknown error: web view not found
  (Session info: chrome=59.0.3071.115)
  (Driver info: chromedriver=2.28.455520 (cc17746adff54984afff480136733114c6b3704b),platform=Windows NT 6.2.9200 x86_64) (WARNING: The server did not provide any stacktrace information)
Command duration or timeout: 5 milliseconds
Build info: version: '2.53.0', revision: '35ae25b1534ae328c771e0856c93e187490ca824', time: '2016-03-15 10:43:46'
System info: host: 'ICPL11465', ip: '10.11.31.46', os.name: 'Windows 8', os.arch: 'amd64', os.version: '6.2', java.version: '1.8.0_121'
Driver info: com.qmetry.qaf.automation.ui.webdriver.QAFExtendedWebDriver
Capabilities [{applicationCacheEnabled=false, rotatable=false, mobileEmulationEnabled=false, networkConnectionEnabled=false, chrome={chromedriverVersion=2.28.455520 (cc17746adff54984afff480136733114c6b3704b), userDataDir=C:\Users\SATISH~1.GAR\AppData\Local\Temp\scoped_dir6680_11884}, takesHeapSnapshot=true, pageLoadStrategy=normal, databaseEnabled=false, handlesAlerts=true, hasTouchScreen=false, version=59.0.3071.115, platform=WIN8, browserConnectionEnabled=false, nativeEvents=true, acceptSslCerts=true, locationContextEnabled=true, webStorageEnabled=true, browserName=chrome, takesScreenshot=true, javascriptEnabled=true, cssSelectorsEnabled=true, unexpectedAlertBehaviour=}]
Session ID: a1909228466932f5594101aaa786ef8b</div></div><div  class="teststep"><span class="teststep-label">T </span>When user select '${subcategory}' from '${categoryname}' section</div><div  class="teststep"><span class="teststep-label">T </span>When user select the product with highest price</div><div  class="teststep"><span class="teststep-label">T </span>And user taps on addtocart</div><div  class="teststep"><span class="teststep-label">T </span>Then user verifies the product added to cart</div></div>]]]>
              </value>
            </param>
          </params>
          <reporter-output>
          </reporter-output>
        </test-method> <!-- afterMethod -->
        <test-method status="PASS" signature="setupMethod(java.lang.reflect.Method, org.testng.ITestContext)[pri:0, instance:com.qmetry.qaf.automation.step.client.DataDrivenScenario@3e9]" test-instance-name="Add product to cart from flipkart using datadriven" name="setupMethod" is-config="true" duration-ms="1" started-at="2017-08-02T16:00:34Z" finished-at="2017-08-02T16:00:34Z">
          <params>
            <param index="0">
              <value>
                <![CDATA[public void com.qmetry.qaf.automation.step.client.DataDrivenScenario.scenario(java.util.Map)]]>
              </value>
            </param>
            <param index="1">
              <value>
                <![CDATA[org.testng.TestRunner@4f83df68]]>
              </value>
            </param>
          </params>
          <reporter-output>
          </reporter-output>
        </test-method> <!-- setupMethod -->
        <test-method name="Add product to cart from flipkart using datadriven" test-instance-name="Add product to cart from flipkart using datadriven" signature="Add product to cart from flipkart using datadriven( java.util.Map)[pri:1001, instance:com.qmetry.qaf.automation.step.client.DataDrivenScenario@3e9]" status="FAIL" duration-ms="76" finished-at="2017-08-02T16:00:35Z" started-at="2017-08-02T16:00:34Z" data-provider="scenariodp" description="Add to cart product">
          <params>
            <param index="0">
              <value>
                <![CDATA[{categoryname=Electronics, subcategory=Samsung}]]>
              </value>
            </param>
          </params>
          <exception class="org.openqa.selenium.NoSuchWindowException">
            <message>
              <![CDATA[no such window: target window already closed
from unknown error: web view not found
  (Session info: chrome=59.0.3071.115)
  (Driver info: chromedriver=2.28.455520 (cc17746adff54984afff480136733114c6b3704b),platform=Windows NT 6.2.9200 x86_64) (WARNING: The server did not provide any stacktrace information)
Command duration or timeout: 30 milliseconds
Build info: version: '2.53.0', revision: '35ae25b1534ae328c771e0856c93e187490ca824', time: '2016-03-15 10:43:46'
System info: host: 'ICPL11465', ip: '10.11.31.46', os.name: 'Windows 8', os.arch: 'amd64', os.version: '6.2', java.version: '1.8.0_121'
Driver info: com.qmetry.qaf.automation.ui.webdriver.QAFExtendedWebDriver
Capabilities [{applicationCacheEnabled=false, rotatable=false, mobileEmulationEnabled=false, networkConnectionEnabled=false, chrome={chromedriverVersion=2.28.455520 (cc17746adff54984afff480136733114c6b3704b), userDataDir=C:\Users\SATISH~1.GAR\AppData\Local\Temp\scoped_dir6680_11884}, takesHeapSnapshot=true, pageLoadStrategy=normal, databaseEnabled=false, handlesAlerts=true, hasTouchScreen=false, version=59.0.3071.115, platform=WIN8, browserConnectionEnabled=false, nativeEvents=true, acceptSslCerts=true, locationContextEnabled=true, webStorageEnabled=true, browserName=chrome, takesScreenshot=true, javascriptEnabled=true, cssSelectorsEnabled=true, unexpectedAlertBehaviour=}]
Session ID: a1909228466932f5594101aaa786ef8b]]>
            </message>
            <full-stacktrace>
              <![CDATA[org.openqa.selenium.NoSuchWindowException: no such window: target window already closed
from unknown error: web view not found
  (Session info: chrome=59.0.3071.115)
  (Driver info: chromedriver=2.28.455520 (cc17746adff54984afff480136733114c6b3704b),platform=Windows NT 6.2.9200 x86_64) (WARNING: The server did not provide any stacktrace information)
Command duration or timeout: 30 milliseconds
Build info: version: '2.53.0', revision: '35ae25b1534ae328c771e0856c93e187490ca824', time: '2016-03-15 10:43:46'
System info: host: 'ICPL11465', ip: '10.11.31.46', os.name: 'Windows 8', os.arch: 'amd64', os.version: '6.2', java.version: '1.8.0_121'
Driver info: com.qmetry.qaf.automation.ui.webdriver.QAFExtendedWebDriver
Capabilities [{applicationCacheEnabled=false, rotatable=false, mobileEmulationEnabled=false, networkConnectionEnabled=false, chrome={chromedriverVersion=2.28.455520 (cc17746adff54984afff480136733114c6b3704b), userDataDir=C:\Users\SATISH~1.GAR\AppData\Local\Temp\scoped_dir6680_11884}, takesHeapSnapshot=true, pageLoadStrategy=normal, databaseEnabled=false, handlesAlerts=true, hasTouchScreen=false, version=59.0.3071.115, platform=WIN8, browserConnectionEnabled=false, nativeEvents=true, acceptSslCerts=true, locationContextEnabled=true, webStorageEnabled=true, browserName=chrome, takesScreenshot=true, javascriptEnabled=true, cssSelectorsEnabled=true, unexpectedAlertBehaviour=}]
Session ID: a1909228466932f5594101aaa786ef8b
	at .Given user launches flipkart(scenarios/flipkart.bdd:19)
	at org.openqa.selenium.remote.ErrorHandler.createThrowable(ErrorHandler.java:206)
	at org.openqa.selenium.remote.ErrorHandler.throwIfResponseFailed(ErrorHandler.java:158)
	at org.openqa.selenium.remote.RemoteWebDriver.execute(RemoteWebDriver.java:678)
	at com.qmetry.qaf.automation.ui.webdriver.QAFExtendedWebDriver.execute(QAFExtendedWebDriver.java:234)
	at org.openqa.selenium.remote.RemoteWebDriver.get(RemoteWebDriver.java:316)
	at com.flipkart.pages.HomeTestPage.launchflipkart(HomeTestPage.java:35)
	at com.flipkart.steps.Steps.UserLaunchFlipkart_aroundBody0(Steps.java:21)
	at com.qmetry.qaf.automation.step.JavaStepReporter.javaTestStep(JavaStepReporter.java:101)
	at com.flipkart.steps.Steps.UserLaunchFlipkart(Steps.java:19)
	at com.qmetry.qaf.automation.step.JavaStep.doExecute(JavaStep.java:160)
	at com.qmetry.qaf.automation.step.BaseTestStep.execute(BaseTestStep.java:149)
	at com.qmetry.qaf.automation.step.StringTestStep.execute(StringTestStep.java:134)
	at com.qmetry.qaf.automation.step.client.Scenario.execute(Scenario.java:167)
	at com.qmetry.qaf.automation.step.client.DataDrivenScenario.scenario(DataDrivenScenario.java:95)
]]>
            </full-stacktrace>
          </exception> <!-- org.openqa.selenium.NoSuchWindowException -->
          <reporter-output>
            <line>
              <![CDATA[<div style="display:block;margin-left:10px;"><div  class="teststepfail"><span class="teststepfail-label">T </span>Given user launches flipkart</div><div style="display:block;margin-left:10px;"><div  class="fail"><span class="fail-label">F </span>no such window: target window already closed
from unknown error: web view not found
  (Session info: chrome=59.0.3071.115)
  (Driver info: chromedriver=2.28.455520 (cc17746adff54984afff480136733114c6b3704b),platform=Windows NT 6.2.9200 x86_64) (WARNING: The server did not provide any stacktrace information)
Command duration or timeout: 30 milliseconds
Build info: version: '2.53.0', revision: '35ae25b1534ae328c771e0856c93e187490ca824', time: '2016-03-15 10:43:46'
System info: host: 'ICPL11465', ip: '10.11.31.46', os.name: 'Windows 8', os.arch: 'amd64', os.version: '6.2', java.version: '1.8.0_121'
Driver info: com.qmetry.qaf.automation.ui.webdriver.QAFExtendedWebDriver
Capabilities [{applicationCacheEnabled=false, rotatable=false, mobileEmulationEnabled=false, networkConnectionEnabled=false, chrome={chromedriverVersion=2.28.455520 (cc17746adff54984afff480136733114c6b3704b), userDataDir=C:\Users\SATISH~1.GAR\AppData\Local\Temp\scoped_dir6680_11884}, takesHeapSnapshot=true, pageLoadStrategy=normal, databaseEnabled=false, handlesAlerts=true, hasTouchScreen=false, version=59.0.3071.115, platform=WIN8, browserConnectionEnabled=false, nativeEvents=true, acceptSslCerts=true, locationContextEnabled=true, webStorageEnabled=true, browserName=chrome, takesScreenshot=true, javascriptEnabled=true, cssSelectorsEnabled=true, unexpectedAlertBehaviour=}]
Session ID: a1909228466932f5594101aaa786ef8b</div></div><div  class="teststep"><span class="teststep-label">T </span>When user select '${subcategory}' from '${categoryname}' section</div><div  class="teststep"><span class="teststep-label">T </span>When user select the product with highest price</div><div  class="teststep"><span class="teststep-label">T </span>And user taps on addtocart</div><div  class="teststep"><span class="teststep-label">T </span>Then user verifies the product added to cart</div></div>]]>
            </line>
          </reporter-output>
        </test-method> <!-- Add product to cart from flipkart using datadriven -->
        <test-method status="PASS" signature="afterMethod(org.testng.ITestContext, org.testng.ITestResult)[pri:0, instance:com.qmetry.qaf.automation.step.client.DataDrivenScenario@3e9]" test-instance-name="Add product to cart from flipkart using datadriven" name="afterMethod" is-config="true" duration-ms="0" started-at="2017-08-02T16:00:35Z" finished-at="2017-08-02T16:00:35Z">
          <params>
            <param index="0">
              <value>
                <![CDATA[org.testng.TestRunner@4f83df68]]>
              </value>
            </param>
            <param index="1">
              <value>
                <![CDATA[[TestResult name=Add product to cart from flipkart using datadriven status=FAILURE method=scenarios.flipkart.bdd.Add product to cart from flipkart using datadriven( java.util.Map)[pri:1001, instance:com.qmetry.qaf.automation.step.client.DataDrivenScenario@3e9] output=<div style="display:block;margin-left:10px;"><div  class="teststepfail"><span class="teststepfail-label">T </span>Given user launches flipkart</div><div style="display:block;margin-left:10px;"><div  class="fail"><span class="fail-label">F </span>no such window: target window already closed
from unknown error: web view not found
  (Session info: chrome=59.0.3071.115)
  (Driver info: chromedriver=2.28.455520 (cc17746adff54984afff480136733114c6b3704b),platform=Windows NT 6.2.9200 x86_64) (WARNING: The server did not provide any stacktrace information)
Command duration or timeout: 30 milliseconds
Build info: version: '2.53.0', revision: '35ae25b1534ae328c771e0856c93e187490ca824', time: '2016-03-15 10:43:46'
System info: host: 'ICPL11465', ip: '10.11.31.46', os.name: 'Windows 8', os.arch: 'amd64', os.version: '6.2', java.version: '1.8.0_121'
Driver info: com.qmetry.qaf.automation.ui.webdriver.QAFExtendedWebDriver
Capabilities [{applicationCacheEnabled=false, rotatable=false, mobileEmulationEnabled=false, networkConnectionEnabled=false, chrome={chromedriverVersion=2.28.455520 (cc17746adff54984afff480136733114c6b3704b), userDataDir=C:\Users\SATISH~1.GAR\AppData\Local\Temp\scoped_dir6680_11884}, takesHeapSnapshot=true, pageLoadStrategy=normal, databaseEnabled=false, handlesAlerts=true, hasTouchScreen=false, version=59.0.3071.115, platform=WIN8, browserConnectionEnabled=false, nativeEvents=true, acceptSslCerts=true, locationContextEnabled=true, webStorageEnabled=true, browserName=chrome, takesScreenshot=true, javascriptEnabled=true, cssSelectorsEnabled=true, unexpectedAlertBehaviour=}]
Session ID: a1909228466932f5594101aaa786ef8b</div></div><div  class="teststep"><span class="teststep-label">T </span>When user select '${subcategory}' from '${categoryname}' section</div><div  class="teststep"><span class="teststep-label">T </span>When user select the product with highest price</div><div  class="teststep"><span class="teststep-label">T </span>And user taps on addtocart</div><div  class="teststep"><span class="teststep-label">T </span>Then user verifies the product added to cart</div></div>]]]>
              </value>
            </param>
          </params>
          <reporter-output>
          </reporter-output>
        </test-method> <!-- afterMethod -->
        <test-method status="PASS" signature="setupMethod(java.lang.reflect.Method, org.testng.ITestContext)[pri:0, instance:com.qmetry.qaf.automation.step.client.DataDrivenScenario@3e9]" test-instance-name="Add product to cart from flipkart using datadriven" name="setupMethod" is-config="true" duration-ms="0" started-at="2017-08-02T16:00:35Z" finished-at="2017-08-02T16:00:35Z">
          <params>
            <param index="0">
              <value>
                <![CDATA[public void com.qmetry.qaf.automation.step.client.DataDrivenScenario.scenario(java.util.Map)]]>
              </value>
            </param>
            <param index="1">
              <value>
                <![CDATA[org.testng.TestRunner@4f83df68]]>
              </value>
            </param>
          </params>
          <reporter-output>
          </reporter-output>
        </test-method> <!-- setupMethod -->
        <test-method name="Add product to cart from flipkart using datadriven" test-instance-name="Add product to cart from flipkart using datadriven" signature="Add product to cart from flipkart using datadriven( java.util.Map)[pri:1001, instance:com.qmetry.qaf.automation.step.client.DataDrivenScenario@3e9]" status="FAIL" duration-ms="49" finished-at="2017-08-02T16:00:35Z" started-at="2017-08-02T16:00:35Z" data-provider="scenariodp" description="Add to cart product">
          <params>
            <param index="0">
              <value>
                <![CDATA[{categoryname=Electronics, subcategory=Lenovo}]]>
              </value>
            </param>
          </params>
          <exception class="org.openqa.selenium.NoSuchWindowException">
            <message>
              <![CDATA[no such window: target window already closed
from unknown error: web view not found
  (Session info: chrome=59.0.3071.115)
  (Driver info: chromedriver=2.28.455520 (cc17746adff54984afff480136733114c6b3704b),platform=Windows NT 6.2.9200 x86_64) (WARNING: The server did not provide any stacktrace information)
Command duration or timeout: 8 milliseconds
Build info: version: '2.53.0', revision: '35ae25b1534ae328c771e0856c93e187490ca824', time: '2016-03-15 10:43:46'
System info: host: 'ICPL11465', ip: '10.11.31.46', os.name: 'Windows 8', os.arch: 'amd64', os.version: '6.2', java.version: '1.8.0_121'
Driver info: com.qmetry.qaf.automation.ui.webdriver.QAFExtendedWebDriver
Capabilities [{applicationCacheEnabled=false, rotatable=false, mobileEmulationEnabled=false, networkConnectionEnabled=false, chrome={chromedriverVersion=2.28.455520 (cc17746adff54984afff480136733114c6b3704b), userDataDir=C:\Users\SATISH~1.GAR\AppData\Local\Temp\scoped_dir6680_11884}, takesHeapSnapshot=true, pageLoadStrategy=normal, databaseEnabled=false, handlesAlerts=true, hasTouchScreen=false, version=59.0.3071.115, platform=WIN8, browserConnectionEnabled=false, nativeEvents=true, acceptSslCerts=true, locationContextEnabled=true, webStorageEnabled=true, browserName=chrome, takesScreenshot=true, javascriptEnabled=true, cssSelectorsEnabled=true, unexpectedAlertBehaviour=}]
Session ID: a1909228466932f5594101aaa786ef8b]]>
            </message>
            <full-stacktrace>
              <![CDATA[org.openqa.selenium.NoSuchWindowException: no such window: target window already closed
from unknown error: web view not found
  (Session info: chrome=59.0.3071.115)
  (Driver info: chromedriver=2.28.455520 (cc17746adff54984afff480136733114c6b3704b),platform=Windows NT 6.2.9200 x86_64) (WARNING: The server did not provide any stacktrace information)
Command duration or timeout: 8 milliseconds
Build info: version: '2.53.0', revision: '35ae25b1534ae328c771e0856c93e187490ca824', time: '2016-03-15 10:43:46'
System info: host: 'ICPL11465', ip: '10.11.31.46', os.name: 'Windows 8', os.arch: 'amd64', os.version: '6.2', java.version: '1.8.0_121'
Driver info: com.qmetry.qaf.automation.ui.webdriver.QAFExtendedWebDriver
Capabilities [{applicationCacheEnabled=false, rotatable=false, mobileEmulationEnabled=false, networkConnectionEnabled=false, chrome={chromedriverVersion=2.28.455520 (cc17746adff54984afff480136733114c6b3704b), userDataDir=C:\Users\SATISH~1.GAR\AppData\Local\Temp\scoped_dir6680_11884}, takesHeapSnapshot=true, pageLoadStrategy=normal, databaseEnabled=false, handlesAlerts=true, hasTouchScreen=false, version=59.0.3071.115, platform=WIN8, browserConnectionEnabled=false, nativeEvents=true, acceptSslCerts=true, locationContextEnabled=true, webStorageEnabled=true, browserName=chrome, takesScreenshot=true, javascriptEnabled=true, cssSelectorsEnabled=true, unexpectedAlertBehaviour=}]
Session ID: a1909228466932f5594101aaa786ef8b
	at .Given user launches flipkart(scenarios/flipkart.bdd:19)
	at org.openqa.selenium.remote.ErrorHandler.createThrowable(ErrorHandler.java:206)
	at org.openqa.selenium.remote.ErrorHandler.throwIfResponseFailed(ErrorHandler.java:158)
	at org.openqa.selenium.remote.RemoteWebDriver.execute(RemoteWebDriver.java:678)
	at com.qmetry.qaf.automation.ui.webdriver.QAFExtendedWebDriver.execute(QAFExtendedWebDriver.java:234)
	at org.openqa.selenium.remote.RemoteWebDriver.get(RemoteWebDriver.java:316)
	at com.flipkart.pages.HomeTestPage.launchflipkart(HomeTestPage.java:35)
	at com.flipkart.steps.Steps.UserLaunchFlipkart_aroundBody0(Steps.java:21)
	at com.qmetry.qaf.automation.step.JavaStepReporter.javaTestStep(JavaStepReporter.java:101)
	at com.flipkart.steps.Steps.UserLaunchFlipkart(Steps.java:19)
	at com.qmetry.qaf.automation.step.JavaStep.doExecute(JavaStep.java:160)
	at com.qmetry.qaf.automation.step.BaseTestStep.execute(BaseTestStep.java:149)
	at com.qmetry.qaf.automation.step.StringTestStep.execute(StringTestStep.java:134)
	at com.qmetry.qaf.automation.step.client.Scenario.execute(Scenario.java:167)
	at com.qmetry.qaf.automation.step.client.DataDrivenScenario.scenario(DataDrivenScenario.java:95)
]]>
            </full-stacktrace>
          </exception> <!-- org.openqa.selenium.NoSuchWindowException -->
          <reporter-output>
            <line>
              <![CDATA[<div style="display:block;margin-left:10px;"><div  class="teststepfail"><span class="teststepfail-label">T </span>Given user launches flipkart</div><div style="display:block;margin-left:10px;"><div  class="fail"><span class="fail-label">F </span>no such window: target window already closed
from unknown error: web view not found
  (Session info: chrome=59.0.3071.115)
  (Driver info: chromedriver=2.28.455520 (cc17746adff54984afff480136733114c6b3704b),platform=Windows NT 6.2.9200 x86_64) (WARNING: The server did not provide any stacktrace information)
Command duration or timeout: 8 milliseconds
Build info: version: '2.53.0', revision: '35ae25b1534ae328c771e0856c93e187490ca824', time: '2016-03-15 10:43:46'
System info: host: 'ICPL11465', ip: '10.11.31.46', os.name: 'Windows 8', os.arch: 'amd64', os.version: '6.2', java.version: '1.8.0_121'
Driver info: com.qmetry.qaf.automation.ui.webdriver.QAFExtendedWebDriver
Capabilities [{applicationCacheEnabled=false, rotatable=false, mobileEmulationEnabled=false, networkConnectionEnabled=false, chrome={chromedriverVersion=2.28.455520 (cc17746adff54984afff480136733114c6b3704b), userDataDir=C:\Users\SATISH~1.GAR\AppData\Local\Temp\scoped_dir6680_11884}, takesHeapSnapshot=true, pageLoadStrategy=normal, databaseEnabled=false, handlesAlerts=true, hasTouchScreen=false, version=59.0.3071.115, platform=WIN8, browserConnectionEnabled=false, nativeEvents=true, acceptSslCerts=true, locationContextEnabled=true, webStorageEnabled=true, browserName=chrome, takesScreenshot=true, javascriptEnabled=true, cssSelectorsEnabled=true, unexpectedAlertBehaviour=}]
Session ID: a1909228466932f5594101aaa786ef8b</div></div><div  class="teststep"><span class="teststep-label">T </span>When user select '${subcategory}' from '${categoryname}' section</div><div  class="teststep"><span class="teststep-label">T </span>When user select the product with highest price</div><div  class="teststep"><span class="teststep-label">T </span>And user taps on addtocart</div><div  class="teststep"><span class="teststep-label">T </span>Then user verifies the product added to cart</div></div>]]>
            </line>
          </reporter-output>
        </test-method> <!-- Add product to cart from flipkart using datadriven -->
        <test-method status="PASS" signature="afterMethod(org.testng.ITestContext, org.testng.ITestResult)[pri:0, instance:com.qmetry.qaf.automation.step.client.DataDrivenScenario@3e9]" test-instance-name="Add product to cart from flipkart using datadriven" name="afterMethod" is-config="true" duration-ms="0" started-at="2017-08-02T16:00:35Z" finished-at="2017-08-02T16:00:35Z">
          <params>
            <param index="0">
              <value>
                <![CDATA[org.testng.TestRunner@4f83df68]]>
              </value>
            </param>
            <param index="1">
              <value>
                <![CDATA[[TestResult name=Add product to cart from flipkart using datadriven status=FAILURE method=scenarios.flipkart.bdd.Add product to cart from flipkart using datadriven( java.util.Map)[pri:1001, instance:com.qmetry.qaf.automation.step.client.DataDrivenScenario@3e9] output=<div style="display:block;margin-left:10px;"><div  class="teststepfail"><span class="teststepfail-label">T </span>Given user launches flipkart</div><div style="display:block;margin-left:10px;"><div  class="fail"><span class="fail-label">F </span>no such window: target window already closed
from unknown error: web view not found
  (Session info: chrome=59.0.3071.115)
  (Driver info: chromedriver=2.28.455520 (cc17746adff54984afff480136733114c6b3704b),platform=Windows NT 6.2.9200 x86_64) (WARNING: The server did not provide any stacktrace information)
Command duration or timeout: 8 milliseconds
Build info: version: '2.53.0', revision: '35ae25b1534ae328c771e0856c93e187490ca824', time: '2016-03-15 10:43:46'
System info: host: 'ICPL11465', ip: '10.11.31.46', os.name: 'Windows 8', os.arch: 'amd64', os.version: '6.2', java.version: '1.8.0_121'
Driver info: com.qmetry.qaf.automation.ui.webdriver.QAFExtendedWebDriver
Capabilities [{applicationCacheEnabled=false, rotatable=false, mobileEmulationEnabled=false, networkConnectionEnabled=false, chrome={chromedriverVersion=2.28.455520 (cc17746adff54984afff480136733114c6b3704b), userDataDir=C:\Users\SATISH~1.GAR\AppData\Local\Temp\scoped_dir6680_11884}, takesHeapSnapshot=true, pageLoadStrategy=normal, databaseEnabled=false, handlesAlerts=true, hasTouchScreen=false, version=59.0.3071.115, platform=WIN8, browserConnectionEnabled=false, nativeEvents=true, acceptSslCerts=true, locationContextEnabled=true, webStorageEnabled=true, browserName=chrome, takesScreenshot=true, javascriptEnabled=true, cssSelectorsEnabled=true, unexpectedAlertBehaviour=}]
Session ID: a1909228466932f5594101aaa786ef8b</div></div><div  class="teststep"><span class="teststep-label">T </span>When user select '${subcategory}' from '${categoryname}' section</div><div  class="teststep"><span class="teststep-label">T </span>When user select the product with highest price</div><div  class="teststep"><span class="teststep-label">T </span>And user taps on addtocart</div><div  class="teststep"><span class="teststep-label">T </span>Then user verifies the product added to cart</div></div>]]]>
              </value>
            </param>
          </params>
          <reporter-output>
          </reporter-output>
        </test-method> <!-- afterMethod -->
        <test-method status="PASS" signature="afterClass(org.testng.ITestContext)[pri:0, instance:com.qmetry.qaf.automation.step.client.DataDrivenScenario@3e9]" test-instance-name="Add product to cart from flipkart using datadriven" name="afterClass" is-config="true" duration-ms="4" started-at="2017-08-02T16:00:35Z" finished-at="2017-08-02T16:00:35Z">
          <params>
            <param index="0">
              <value>
                <![CDATA[org.testng.TestRunner@4f83df68]]>
              </value>
            </param>
          </params>
          <reporter-output>
          </reporter-output>
        </test-method> <!-- afterClass -->
      </class> <!-- com.qmetry.qaf.automation.step.client.DataDrivenScenario -->
    </test> <!-- BDD Test -->
  </suite> <!-- QAS Demo -->
</testng-results>
